{"/Users/catalinalbu/ubb/bachelors-thesis/ecommerce-scraper-puppeteer/src/db/EcommerceProductRepository.ts": {"path":"/Users/catalinalbu/ubb/bachelors-thesis/ecommerce-scraper-puppeteer/src/db/EcommerceProductRepository.ts","statementMap":{"0":{"start":{"line":1,"column":0},"end":{"line":1,"column":54}},"1":{"start":{"line":2,"column":0},"end":{"line":2,"column":23}},"2":{"start":{"line":10,"column":4},"end":{"line":10,"column":65}},"3":{"start":{"line":14,"column":4},"end":{"line":14,"column":32}},"4":{"start":{"line":15,"column":4},"end":{"line":15,"column":58}},"5":{"start":{"line":16,"column":4},"end":{"line":16,"column":60}},"6":{"start":{"line":28,"column":4},"end":{"line":32,"column":5}},"7":{"start":{"line":29,"column":6},"end":{"line":31,"column":9}},"8":{"start":{"line":36,"column":4},"end":{"line":38,"column":5}},"9":{"start":{"line":37,"column":6},"end":{"line":37,"column":41}},"10":{"start":{"line":42,"column":4},"end":{"line":42,"column":30}},"11":{"start":{"line":4,"column":0},"end":{"line":4,"column":13}}},"fnMap":{"0":{"name":"(anonymous_0)","decl":{"start":{"line":9,"column":2},"end":{"line":9,"column":null}},"loc":{"start":{"line":9,"column":2},"end":{"line":11,"column":3}}},"1":{"name":"(anonymous_1)","decl":{"start":{"line":13,"column":2},"end":{"line":13,"column":7}},"loc":{"start":{"line":13,"column":15},"end":{"line":17,"column":3}}},"2":{"name":"(anonymous_2)","decl":{"start":{"line":19,"column":2},"end":{"line":19,"column":7}},"loc":{"start":{"line":27,"column":3},"end":{"line":33,"column":3}}},"3":{"name":"(anonymous_3)","decl":{"start":{"line":35,"column":2},"end":{"line":35,"column":7}},"loc":{"start":{"line":35,"column":25},"end":{"line":39,"column":3}}},"4":{"name":"(anonymous_4)","decl":{"start":{"line":41,"column":2},"end":{"line":41,"column":7}},"loc":{"start":{"line":41,"column":18},"end":{"line":43,"column":3}}}},"branchMap":{"0":{"loc":{"start":{"line":10,"column":34},"end":{"line":10,"column":63}},"type":"binary-expr","locations":[{"start":{"line":10,"column":34},"end":{"line":10,"column":57}},{"start":{"line":10,"column":61},"end":{"line":10,"column":63}}]},"1":{"loc":{"start":{"line":28,"column":4},"end":{"line":32,"column":5}},"type":"if","locations":[{"start":{"line":28,"column":4},"end":{"line":32,"column":5}}]},"2":{"loc":{"start":{"line":36,"column":4},"end":{"line":38,"column":5}},"type":"if","locations":[{"start":{"line":36,"column":4},"end":{"line":38,"column":5}}]}},"s":{"0":2,"1":2,"2":0,"3":0,"4":0,"5":0,"6":0,"7":0,"8":0,"9":0,"10":0,"11":2},"f":{"0":0,"1":0,"2":0,"3":0,"4":0},"b":{"0":[0,0],"1":[0],"2":[0]}}
,"/Users/catalinalbu/ubb/bachelors-thesis/ecommerce-scraper-puppeteer/src/scrapers/CSRScraper/index.ts": {"path":"/Users/catalinalbu/ubb/bachelors-thesis/ecommerce-scraper-puppeteer/src/scrapers/CSRScraper/index.ts","statementMap":{"0":{"start":{"line":1,"column":0},"end":{"line":1,"column":34}},"1":{"start":{"line":3,"column":0},"end":{"line":3,"column":84}},"2":{"start":{"line":14,"column":20},"end":{"line":14,"column":66}},"3":{"start":{"line":17,"column":4},"end":{"line":17,"column":62}},"4":{"start":{"line":18,"column":4},"end":{"line":18,"column":32}},"5":{"start":{"line":19,"column":4},"end":{"line":19,"column":51}},"6":{"start":{"line":23,"column":18},"end":{"line":23,"column":56}},"7":{"start":{"line":24,"column":19},"end":{"line":24,"column":57}},"8":{"start":{"line":25,"column":4},"end":{"line":31,"column":6}},"9":{"start":{"line":36,"column":22},"end":{"line":37,"column":null}},"10":{"start":{"line":37,"column":6},"end":{"line":37,"column":32}},"11":{"start":{"line":40,"column":17},"end":{"line":42,"column":null}},"12":{"start":{"line":42,"column":14},"end":{"line":42,"column":28}},"13":{"start":{"line":45,"column":18},"end":{"line":47,"column":null}},"14":{"start":{"line":47,"column":14},"end":{"line":47,"column":28}},"15":{"start":{"line":50,"column":19},"end":{"line":51,"column":null}},"16":{"start":{"line":51,"column":6},"end":{"line":51,"column":35}},"17":{"start":{"line":54,"column":21},"end":{"line":55,"column":null}},"18":{"start":{"line":55,"column":6},"end":{"line":55,"column":28}},"19":{"start":{"line":58,"column":4},"end":{"line":66,"column":5}},"20":{"start":{"line":59,"column":6},"end":{"line":65,"column":9}},"21":{"start":{"line":70,"column":4},"end":{"line":70,"column":47}},"22":{"start":{"line":71,"column":27},"end":{"line":71,"column":78}},"23":{"start":{"line":72,"column":26},"end":{"line":72,"column":28}},"24":{"start":{"line":73,"column":4},"end":{"line":77,"column":5}},"25":{"start":{"line":74,"column":22},"end":{"line":74,"column":62}},"26":{"start":{"line":75,"column":6},"end":{"line":75,"column":24}},"27":{"start":{"line":76,"column":6},"end":{"line":76,"column":29}},"28":{"start":{"line":78,"column":4},"end":{"line":78,"column":20}},"29":{"start":{"line":84,"column":23},"end":{"line":85,"column":null}},"30":{"start":{"line":87,"column":4},"end":{"line":87,"column":22}},"31":{"start":{"line":91,"column":20},"end":{"line":95,"column":6}},"32":{"start":{"line":96,"column":19},"end":{"line":96,"column":40}},"33":{"start":{"line":98,"column":4},"end":{"line":98,"column":34}},"34":{"start":{"line":100,"column":4},"end":{"line":100,"column":66}},"35":{"start":{"line":102,"column":21},"end":{"line":102,"column":23}},"36":{"start":{"line":104,"column":4},"end":{"line":113,"column":5}},"37":{"start":{"line":105,"column":27},"end":{"line":105,"column":64}},"38":{"start":{"line":106,"column":6},"end":{"line":106,"column":37}},"39":{"start":{"line":107,"column":23},"end":{"line":107,"column":57}},"40":{"start":{"line":109,"column":6},"end":{"line":112,"column":19}},"41":{"start":{"line":110,"column":8},"end":{"line":110,"column":31}},"42":{"start":{"line":111,"column":8},"end":{"line":111,"column":70}},"43":{"start":{"line":112,"column":13},"end":{"line":112,"column":19}},"44":{"start":{"line":115,"column":4},"end":{"line":115,"column":26}},"45":{"start":{"line":116,"column":4},"end":{"line":116,"column":20}},"46":{"start":{"line":120,"column":4},"end":{"line":120,"column":51}},"47":{"start":{"line":124,"column":4},"end":{"line":124,"column":43}},"48":{"start":{"line":125,"column":22},"end":{"line":125,"column":32}},"49":{"start":{"line":126,"column":4},"end":{"line":126,"column":41}},"50":{"start":{"line":128,"column":28},"end":{"line":128,"column":70}},"51":{"start":{"line":130,"column":20},"end":{"line":130,"column":30}},"52":{"start":{"line":131,"column":4},"end":{"line":131,"column":46}},"53":{"start":{"line":133,"column":4},"end":{"line":137,"column":6}},"54":{"start":{"line":11,"column":0},"end":{"line":11,"column":13}}},"fnMap":{"0":{"name":"(anonymous_1)","decl":{"start":{"line":16,"column":2},"end":{"line":16,"column":null}},"loc":{"start":{"line":16,"column":2},"end":{"line":20,"column":3}}},"1":{"name":"(anonymous_2)","decl":{"start":{"line":22,"column":2},"end":{"line":22,"column":15}},"loc":{"start":{"line":22,"column":39},"end":{"line":32,"column":3}}},"2":{"name":"(anonymous_3)","decl":{"start":{"line":33,"column":2},"end":{"line":33,"column":7}},"loc":{"start":{"line":34,"column":51},"end":{"line":67,"column":3}}},"3":{"name":"(anonymous_4)","decl":{"start":{"line":36,"column":52},"end":{"line":36,"column":53}},"loc":{"start":{"line":37,"column":6},"end":{"line":37,"column":32}}},"4":{"name":"(anonymous_5)","decl":{"start":{"line":42,"column":6},"end":{"line":42,"column":7}},"loc":{"start":{"line":42,"column":14},"end":{"line":42,"column":28}}},"5":{"name":"(anonymous_6)","decl":{"start":{"line":47,"column":6},"end":{"line":47,"column":7}},"loc":{"start":{"line":47,"column":14},"end":{"line":47,"column":28}}},"6":{"name":"(anonymous_7)","decl":{"start":{"line":50,"column":65},"end":{"line":50,"column":66}},"loc":{"start":{"line":51,"column":6},"end":{"line":51,"column":35}}},"7":{"name":"(anonymous_8)","decl":{"start":{"line":54,"column":55},"end":{"line":54,"column":56}},"loc":{"start":{"line":55,"column":6},"end":{"line":55,"column":28}}},"8":{"name":"(anonymous_9)","decl":{"start":{"line":69,"column":2},"end":{"line":69,"column":7}},"loc":{"start":{"line":69,"column":54},"end":{"line":79,"column":3}}},"9":{"name":"(anonymous_10)","decl":{"start":{"line":81,"column":2},"end":{"line":81,"column":7}},"loc":{"start":{"line":82,"column":24},"end":{"line":88,"column":3}}},"10":{"name":"(anonymous_11)","decl":{"start":{"line":90,"column":2},"end":{"line":90,"column":7}},"loc":{"start":{"line":90,"column":35},"end":{"line":117,"column":3}}},"11":{"name":"(anonymous_12)","decl":{"start":{"line":119,"column":10},"end":{"line":119,"column":21}},"loc":{"start":{"line":119,"column":38},"end":{"line":121,"column":3}}},"12":{"name":"(anonymous_13)","decl":{"start":{"line":123,"column":2},"end":{"line":123,"column":7}},"loc":{"start":{"line":123,"column":13},"end":{"line":138,"column":3}}}},"branchMap":{"0":{"loc":{"start":{"line":58,"column":4},"end":{"line":66,"column":5}},"type":"if","locations":[{"start":{"line":58,"column":4},"end":{"line":66,"column":5}}]},"1":{"loc":{"start":{"line":58,"column":8},"end":{"line":58,"column":56}},"type":"binary-expr","locations":[{"start":{"line":58,"column":8},"end":{"line":58,"column":17}},{"start":{"line":58,"column":21},"end":{"line":58,"column":25}},{"start":{"line":58,"column":29},"end":{"line":58,"column":34}},{"start":{"line":58,"column":38},"end":{"line":58,"column":44}},{"start":{"line":58,"column":48},"end":{"line":58,"column":56}}]},"2":{"loc":{"start":{"line":94,"column":22},"end":{"line":94,"column":62}},"type":"binary-expr","locations":[{"start":{"line":94,"column":22},"end":{"line":94,"column":49}},{"start":{"line":94,"column":53},"end":{"line":94,"column":62}}]},"3":{"loc":{"start":{"line":109,"column":6},"end":{"line":112,"column":19}},"type":"if","locations":[{"start":{"line":109,"column":6},"end":{"line":112,"column":19}},{"start":{"line":112,"column":13},"end":{"line":112,"column":19}}]}},"s":{"0":1,"1":1,"2":7,"3":7,"4":7,"5":7,"6":4,"7":4,"8":4,"9":4,"10":1,"11":4,"12":1,"13":4,"14":1,"15":4,"16":1,"17":4,"18":1,"19":4,"20":3,"21":3,"22":3,"23":3,"24":3,"25":3,"26":3,"27":3,"28":3,"29":3,"30":3,"31":1,"32":1,"33":1,"34":1,"35":1,"36":1,"37":2,"38":2,"39":2,"40":2,"41":1,"42":1,"43":1,"44":1,"45":1,"46":1,"47":1,"48":1,"49":1,"50":1,"51":1,"52":1,"53":1,"54":1},"f":{"0":7,"1":4,"2":4,"3":1,"4":1,"5":1,"6":1,"7":1,"8":3,"9":3,"10":1,"11":1,"12":1},"b":{"0":[3],"1":[4,4,3,3,3],"2":[1,1],"3":[1,1]}}
,"/Users/catalinalbu/ubb/bachelors-thesis/ecommerce-scraper-puppeteer/src/scrapers/SSRScraper/index.ts": {"path":"/Users/catalinalbu/ubb/bachelors-thesis/ecommerce-scraper-puppeteer/src/scrapers/SSRScraper/index.ts","statementMap":{"0":{"start":{"line":1,"column":0},"end":{"line":1,"column":23}},"1":{"start":{"line":2,"column":0},"end":{"line":2,"column":34}},"2":{"start":{"line":3,"column":0},"end":{"line":3,"column":84}},"3":{"start":{"line":4,"column":0},"end":{"line":4,"column":45}},"4":{"start":{"line":15,"column":20},"end":{"line":15,"column":66}},"5":{"start":{"line":18,"column":4},"end":{"line":18,"column":62}},"6":{"start":{"line":19,"column":4},"end":{"line":19,"column":32}},"7":{"start":{"line":20,"column":4},"end":{"line":20,"column":51}},"8":{"start":{"line":24,"column":18},"end":{"line":24,"column":56}},"9":{"start":{"line":25,"column":19},"end":{"line":25,"column":57}},"10":{"start":{"line":26,"column":4},"end":{"line":32,"column":6}},"11":{"start":{"line":38,"column":22},"end":{"line":39,"column":null}},"12":{"start":{"line":39,"column":6},"end":{"line":39,"column":32}},"13":{"start":{"line":42,"column":17},"end":{"line":44,"column":null}},"14":{"start":{"line":44,"column":14},"end":{"line":44,"column":28}},"15":{"start":{"line":47,"column":18},"end":{"line":49,"column":null}},"16":{"start":{"line":49,"column":14},"end":{"line":49,"column":28}},"17":{"start":{"line":52,"column":19},"end":{"line":53,"column":null}},"18":{"start":{"line":53,"column":6},"end":{"line":53,"column":35}},"19":{"start":{"line":56,"column":21},"end":{"line":57,"column":null}},"20":{"start":{"line":57,"column":6},"end":{"line":57,"column":28}},"21":{"start":{"line":59,"column":4},"end":{"line":67,"column":5}},"22":{"start":{"line":60,"column":6},"end":{"line":66,"column":9}},"23":{"start":{"line":71,"column":4},"end":{"line":71,"column":47}},"24":{"start":{"line":72,"column":27},"end":{"line":73,"column":null}},"25":{"start":{"line":75,"column":26},"end":{"line":75,"column":28}},"26":{"start":{"line":76,"column":4},"end":{"line":80,"column":5}},"27":{"start":{"line":77,"column":22},"end":{"line":77,"column":62}},"28":{"start":{"line":78,"column":6},"end":{"line":78,"column":24}},"29":{"start":{"line":79,"column":6},"end":{"line":79,"column":29}},"30":{"start":{"line":81,"column":4},"end":{"line":81,"column":20}},"31":{"start":{"line":85,"column":23},"end":{"line":86,"column":null}},"32":{"start":{"line":88,"column":4},"end":{"line":93,"column":5}},"33":{"start":{"line":89,"column":23},"end":{"line":90,"column":null}},"34":{"start":{"line":90,"column":8},"end":{"line":90,"column":31}},"35":{"start":{"line":92,"column":6},"end":{"line":92,"column":37}},"36":{"start":{"line":94,"column":4},"end":{"line":94,"column":16}},"37":{"start":{"line":98,"column":20},"end":{"line":102,"column":6}},"38":{"start":{"line":103,"column":19},"end":{"line":103,"column":40}},"39":{"start":{"line":105,"column":4},"end":{"line":105,"column":25}},"40":{"start":{"line":107,"column":4},"end":{"line":107,"column":48}},"41":{"start":{"line":109,"column":21},"end":{"line":109,"column":23}},"42":{"start":{"line":111,"column":4},"end":{"line":118,"column":5}},"43":{"start":{"line":112,"column":27},"end":{"line":112,"column":64}},"44":{"start":{"line":113,"column":6},"end":{"line":113,"column":37}},"45":{"start":{"line":114,"column":23},"end":{"line":114,"column":51}},"46":{"start":{"line":115,"column":6},"end":{"line":117,"column":19}},"47":{"start":{"line":116,"column":8},"end":{"line":116,"column":34}},"48":{"start":{"line":117,"column":13},"end":{"line":117,"column":19}},"49":{"start":{"line":120,"column":4},"end":{"line":120,"column":26}},"50":{"start":{"line":121,"column":4},"end":{"line":121,"column":20}},"51":{"start":{"line":125,"column":4},"end":{"line":125,"column":51}},"52":{"start":{"line":129,"column":4},"end":{"line":129,"column":43}},"53":{"start":{"line":130,"column":22},"end":{"line":130,"column":32}},"54":{"start":{"line":131,"column":4},"end":{"line":131,"column":41}},"55":{"start":{"line":133,"column":28},"end":{"line":133,"column":70}},"56":{"start":{"line":134,"column":20},"end":{"line":134,"column":30}},"57":{"start":{"line":135,"column":4},"end":{"line":135,"column":40}},"58":{"start":{"line":137,"column":4},"end":{"line":141,"column":6}},"59":{"start":{"line":12,"column":0},"end":{"line":12,"column":13}}},"fnMap":{"0":{"name":"(anonymous_1)","decl":{"start":{"line":17,"column":2},"end":{"line":17,"column":null}},"loc":{"start":{"line":17,"column":2},"end":{"line":21,"column":3}}},"1":{"name":"(anonymous_2)","decl":{"start":{"line":23,"column":2},"end":{"line":23,"column":15}},"loc":{"start":{"line":23,"column":39},"end":{"line":33,"column":3}}},"2":{"name":"(anonymous_3)","decl":{"start":{"line":35,"column":2},"end":{"line":35,"column":7}},"loc":{"start":{"line":36,"column":51},"end":{"line":68,"column":3}}},"3":{"name":"(anonymous_4)","decl":{"start":{"line":38,"column":52},"end":{"line":38,"column":53}},"loc":{"start":{"line":39,"column":6},"end":{"line":39,"column":32}}},"4":{"name":"(anonymous_5)","decl":{"start":{"line":44,"column":6},"end":{"line":44,"column":7}},"loc":{"start":{"line":44,"column":14},"end":{"line":44,"column":28}}},"5":{"name":"(anonymous_6)","decl":{"start":{"line":49,"column":6},"end":{"line":49,"column":7}},"loc":{"start":{"line":49,"column":14},"end":{"line":49,"column":28}}},"6":{"name":"(anonymous_7)","decl":{"start":{"line":52,"column":65},"end":{"line":52,"column":66}},"loc":{"start":{"line":53,"column":6},"end":{"line":53,"column":35}}},"7":{"name":"(anonymous_8)","decl":{"start":{"line":56,"column":55},"end":{"line":56,"column":56}},"loc":{"start":{"line":57,"column":6},"end":{"line":57,"column":28}}},"8":{"name":"(anonymous_9)","decl":{"start":{"line":70,"column":2},"end":{"line":70,"column":7}},"loc":{"start":{"line":70,"column":54},"end":{"line":82,"column":3}}},"9":{"name":"(anonymous_10)","decl":{"start":{"line":84,"column":2},"end":{"line":84,"column":7}},"loc":{"start":{"line":84,"column":40},"end":{"line":95,"column":3}}},"10":{"name":"(anonymous_11)","decl":{"start":{"line":89,"column":49},"end":{"line":89,"column":50}},"loc":{"start":{"line":90,"column":8},"end":{"line":90,"column":31}}},"11":{"name":"(anonymous_12)","decl":{"start":{"line":97,"column":2},"end":{"line":97,"column":7}},"loc":{"start":{"line":97,"column":35},"end":{"line":122,"column":3}}},"12":{"name":"(anonymous_13)","decl":{"start":{"line":124,"column":10},"end":{"line":124,"column":21}},"loc":{"start":{"line":124,"column":38},"end":{"line":126,"column":3}}},"13":{"name":"(anonymous_14)","decl":{"start":{"line":128,"column":2},"end":{"line":128,"column":7}},"loc":{"start":{"line":128,"column":13},"end":{"line":142,"column":3}}}},"branchMap":{"0":{"loc":{"start":{"line":59,"column":4},"end":{"line":67,"column":5}},"type":"if","locations":[{"start":{"line":59,"column":4},"end":{"line":67,"column":5}}]},"1":{"loc":{"start":{"line":59,"column":8},"end":{"line":59,"column":56}},"type":"binary-expr","locations":[{"start":{"line":59,"column":8},"end":{"line":59,"column":17}},{"start":{"line":59,"column":21},"end":{"line":59,"column":25}},{"start":{"line":59,"column":29},"end":{"line":59,"column":34}},{"start":{"line":59,"column":38},"end":{"line":59,"column":44}},{"start":{"line":59,"column":48},"end":{"line":59,"column":56}}]},"2":{"loc":{"start":{"line":88,"column":4},"end":{"line":93,"column":5}},"type":"if","locations":[{"start":{"line":88,"column":4},"end":{"line":93,"column":5}}]},"3":{"loc":{"start":{"line":101,"column":22},"end":{"line":101,"column":62}},"type":"binary-expr","locations":[{"start":{"line":101,"column":22},"end":{"line":101,"column":49}},{"start":{"line":101,"column":53},"end":{"line":101,"column":62}}]},"4":{"loc":{"start":{"line":115,"column":6},"end":{"line":117,"column":19}},"type":"if","locations":[{"start":{"line":115,"column":6},"end":{"line":117,"column":19}},{"start":{"line":117,"column":13},"end":{"line":117,"column":19}}]}},"s":{"0":1,"1":1,"2":1,"3":1,"4":7,"5":7,"6":7,"7":7,"8":4,"9":4,"10":4,"11":4,"12":4,"13":4,"14":3,"15":4,"16":3,"17":4,"18":3,"19":4,"20":3,"21":4,"22":3,"23":3,"24":3,"25":3,"26":3,"27":3,"28":3,"29":3,"30":3,"31":2,"32":2,"33":1,"34":1,"35":1,"36":1,"37":1,"38":1,"39":1,"40":1,"41":1,"42":1,"43":2,"44":2,"45":2,"46":2,"47":1,"48":1,"49":1,"50":1,"51":1,"52":1,"53":1,"54":1,"55":1,"56":1,"57":1,"58":1,"59":1},"f":{"0":7,"1":4,"2":4,"3":4,"4":3,"5":3,"6":3,"7":3,"8":3,"9":2,"10":1,"11":1,"12":1,"13":1},"b":{"0":[3],"1":[4,4,3,3,3],"2":[1],"3":[1,1],"4":[1,1]}}
,"/Users/catalinalbu/ubb/bachelors-thesis/ecommerce-scraper-puppeteer/src/scrapers/utils/index.ts": {"path":"/Users/catalinalbu/ubb/bachelors-thesis/ecommerce-scraper-puppeteer/src/scrapers/utils/index.ts","statementMap":{"0":{"start":{"line":4,"column":2},"end":{"line":4,"column":42}},"1":{"start":{"line":5,"column":2},"end":{"line":10,"column":5}},"2":{"start":{"line":6,"column":4},"end":{"line":8,"column":5}},"3":{"start":{"line":7,"column":6},"end":{"line":7,"column":25}},"4":{"start":{"line":9,"column":4},"end":{"line":9,"column":19}},"5":{"start":{"line":3,"column":0},"end":{"line":3,"column":7}}},"fnMap":{"0":{"name":"htmlOnly","decl":{"start":{"line":3,"column":22},"end":{"line":3,"column":30}},"loc":{"start":{"line":3,"column":41},"end":{"line":11,"column":1}}},"1":{"name":"(anonymous_1)","decl":{"start":{"line":5,"column":21},"end":{"line":5,"column":22}},"loc":{"start":{"line":5,"column":29},"end":{"line":10,"column":3}}}},"branchMap":{"0":{"loc":{"start":{"line":6,"column":4},"end":{"line":8,"column":5}},"type":"if","locations":[{"start":{"line":6,"column":4},"end":{"line":8,"column":5}}]}},"s":{"0":0,"1":0,"2":0,"3":0,"4":0,"5":1},"f":{"0":0,"1":0},"b":{"0":[0]}}
}
