TN:
SF:src/db/EcommerceProductRepository.ts
FN:9,(anonymous_0)
FN:13,(anonymous_1)
FN:19,(anonymous_2)
FN:35,(anonymous_3)
FN:41,(anonymous_4)
FNF:5
FNH:0
FNDA:0,(anonymous_0)
FNDA:0,(anonymous_1)
FNDA:0,(anonymous_2)
FNDA:0,(anonymous_3)
FNDA:0,(anonymous_4)
DA:1,2
DA:2,2
DA:4,2
DA:10,0
DA:14,0
DA:15,0
DA:16,0
DA:28,0
DA:29,0
DA:36,0
DA:37,0
DA:42,0
LF:12
LH:3
BRDA:10,0,0,0
BRDA:10,0,1,0
BRDA:28,1,0,0
BRDA:36,2,0,0
BRF:4
BRH:0
end_of_record
TN:
SF:src/scrapers/CSRScraper/index.ts
FN:16,(anonymous_1)
FN:22,(anonymous_2)
FN:33,(anonymous_3)
FN:36,(anonymous_4)
FN:42,(anonymous_5)
FN:47,(anonymous_6)
FN:50,(anonymous_7)
FN:54,(anonymous_8)
FN:69,(anonymous_9)
FN:81,(anonymous_10)
FN:90,(anonymous_11)
FN:119,(anonymous_12)
FN:123,(anonymous_13)
FNF:13
FNH:13
FNDA:7,(anonymous_1)
FNDA:4,(anonymous_2)
FNDA:4,(anonymous_3)
FNDA:1,(anonymous_4)
FNDA:1,(anonymous_5)
FNDA:1,(anonymous_6)
FNDA:1,(anonymous_7)
FNDA:1,(anonymous_8)
FNDA:3,(anonymous_9)
FNDA:3,(anonymous_10)
FNDA:1,(anonymous_11)
FNDA:1,(anonymous_12)
FNDA:1,(anonymous_13)
DA:1,1
DA:3,1
DA:11,1
DA:14,7
DA:17,7
DA:18,7
DA:19,7
DA:23,4
DA:24,4
DA:25,4
DA:36,4
DA:37,1
DA:40,4
DA:42,1
DA:45,4
DA:47,1
DA:50,4
DA:51,1
DA:54,4
DA:55,1
DA:58,4
DA:59,3
DA:70,3
DA:71,3
DA:72,3
DA:73,3
DA:74,3
DA:75,3
DA:76,3
DA:78,3
DA:84,3
DA:87,3
DA:91,1
DA:96,1
DA:98,1
DA:100,1
DA:102,1
DA:104,1
DA:105,2
DA:106,2
DA:107,2
DA:109,2
DA:110,1
DA:111,1
DA:112,1
DA:115,1
DA:116,1
DA:120,1
DA:124,1
DA:125,1
DA:126,1
DA:128,1
DA:130,1
DA:131,1
DA:133,1
LF:55
LH:55
BRDA:58,0,0,3
BRDA:58,1,0,4
BRDA:58,1,1,4
BRDA:58,1,2,3
BRDA:58,1,3,3
BRDA:58,1,4,3
BRDA:94,2,0,1
BRDA:94,2,1,1
BRDA:109,3,0,1
BRDA:109,3,1,1
BRF:10
BRH:10
end_of_record
TN:
SF:src/scrapers/SSRScraper/index.ts
FN:17,(anonymous_1)
FN:23,(anonymous_2)
FN:35,(anonymous_3)
FN:38,(anonymous_4)
FN:44,(anonymous_5)
FN:49,(anonymous_6)
FN:52,(anonymous_7)
FN:56,(anonymous_8)
FN:70,(anonymous_9)
FN:84,(anonymous_10)
FN:89,(anonymous_11)
FN:97,(anonymous_12)
FN:124,(anonymous_13)
FN:128,(anonymous_14)
FNF:14
FNH:14
FNDA:7,(anonymous_1)
FNDA:4,(anonymous_2)
FNDA:4,(anonymous_3)
FNDA:4,(anonymous_4)
FNDA:3,(anonymous_5)
FNDA:3,(anonymous_6)
FNDA:3,(anonymous_7)
FNDA:3,(anonymous_8)
FNDA:3,(anonymous_9)
FNDA:2,(anonymous_10)
FNDA:1,(anonymous_11)
FNDA:1,(anonymous_12)
FNDA:1,(anonymous_13)
FNDA:1,(anonymous_14)
DA:1,1
DA:2,1
DA:3,1
DA:4,1
DA:12,1
DA:15,7
DA:18,7
DA:19,7
DA:20,7
DA:24,4
DA:25,4
DA:26,4
DA:38,4
DA:39,4
DA:42,4
DA:44,3
DA:47,4
DA:49,3
DA:52,4
DA:53,3
DA:56,4
DA:57,3
DA:59,4
DA:60,3
DA:71,3
DA:72,3
DA:75,3
DA:76,3
DA:77,3
DA:78,3
DA:79,3
DA:81,3
DA:85,2
DA:88,2
DA:89,1
DA:90,1
DA:92,1
DA:94,1
DA:98,1
DA:103,1
DA:105,1
DA:107,1
DA:109,1
DA:111,1
DA:112,2
DA:113,2
DA:114,2
DA:115,2
DA:116,1
DA:117,1
DA:120,1
DA:121,1
DA:125,1
DA:129,1
DA:130,1
DA:131,1
DA:133,1
DA:134,1
DA:135,1
DA:137,1
LF:60
LH:60
BRDA:59,0,0,3
BRDA:59,1,0,4
BRDA:59,1,1,4
BRDA:59,1,2,3
BRDA:59,1,3,3
BRDA:59,1,4,3
BRDA:88,2,0,1
BRDA:101,3,0,1
BRDA:101,3,1,1
BRDA:115,4,0,1
BRDA:115,4,1,1
BRF:11
BRH:11
end_of_record
TN:
SF:src/scrapers/utils/index.ts
FN:3,htmlOnly
FN:5,(anonymous_1)
FNF:2
FNH:0
FNDA:0,htmlOnly
FNDA:0,(anonymous_1)
DA:3,1
DA:4,0
DA:5,0
DA:6,0
DA:7,0
DA:9,0
LF:6
LH:1
BRDA:6,0,0,0
BRF:1
BRH:0
end_of_record
